[2025-04-13T07:41:39.277Z] [ERROR] POST /api/users/avatar MulterError: Unexpected field
    at wrappedFileFilter (C:\DACS-hospitalweb - Copy\server\node_modules\multer\index.js:40:19)
    at Multipart.<anonymous> (C:\DACS-hospitalweb - Copy\server\node_modules\multer\lib\make-middleware.js:109:7)
    at Multipart.emit (node:events:518:28)
    at HeaderParser.cb (C:\DACS-hospitalweb - Copy\server\node_modules\busboy\lib\types\multipart.js:358:14)
    at HeaderParser.push (C:\DACS-hospitalweb - Copy\server\node_modules\busboy\lib\types\multipart.js:162:20)
    at SBMH.ssCb [as _cb] (C:\DACS-hospitalweb - Copy\server\node_modules\busboy\lib\types\multipart.js:394:37)
    at feed (C:\DACS-hospitalweb - Copy\server\node_modules\streamsearch\lib\sbmh.js:219:14)
    at SBMH.push (C:\DACS-hospitalweb - Copy\server\node_modules\streamsearch\lib\sbmh.js:104:16)
    at Multipart._write (C:\DACS-hospitalweb - Copy\server\node_modules\busboy\lib\types\multipart.js:567:19)
    at writeOrBuffer (node:internal/streams/writable:572:12)
[2025-04-13T07:44:15.959Z] [ERROR] POST /api/users/avatar Error: Định dạng file không được hỗ trợ. Chỉ chấp nhận ảnh JPEG, JPG, PNG hoặc GIF.
    at fileFilter (C:\DACS-hospitalweb - Copy\server\middlewares\uploadMiddleware.js:56:6)
    at wrappedFileFilter (C:\DACS-hospitalweb - Copy\server\node_modules\multer\index.js:44:7)
    at Multipart.<anonymous> (C:\DACS-hospitalweb - Copy\server\node_modules\multer\lib\make-middleware.js:109:7)
    at Multipart.emit (node:events:518:28)
    at HeaderParser.cb (C:\DACS-hospitalweb - Copy\server\node_modules\busboy\lib\types\multipart.js:358:14)
    at HeaderParser.push (C:\DACS-hospitalweb - Copy\server\node_modules\busboy\lib\types\multipart.js:162:20)
    at SBMH.ssCb [as _cb] (C:\DACS-hospitalweb - Copy\server\node_modules\busboy\lib\types\multipart.js:394:37)
    at feed (C:\DACS-hospitalweb - Copy\server\node_modules\streamsearch\lib\sbmh.js:200:10)
    at SBMH.push (C:\DACS-hospitalweb - Copy\server\node_modules\streamsearch\lib\sbmh.js:104:16)
    at Multipart._write (C:\DACS-hospitalweb - Copy\server\node_modules\busboy\lib\types\multipart.js:567:19)
[2025-04-13T07:45:09.478Z] [ERROR] POST /api/users/avatar Error: Định dạng file không được hỗ trợ. Chỉ chấp nhận ảnh JPEG, JPG, PNG hoặc GIF.
    at fileFilter (C:\DACS-hospitalweb - Copy\server\middlewares\uploadMiddleware.js:56:6)
    at wrappedFileFilter (C:\DACS-hospitalweb - Copy\server\node_modules\multer\index.js:44:7)
    at Multipart.<anonymous> (C:\DACS-hospitalweb - Copy\server\node_modules\multer\lib\make-middleware.js:109:7)
    at Multipart.emit (node:events:518:28)
    at HeaderParser.cb (C:\DACS-hospitalweb - Copy\server\node_modules\busboy\lib\types\multipart.js:358:14)
    at HeaderParser.push (C:\DACS-hospitalweb - Copy\server\node_modules\busboy\lib\types\multipart.js:162:20)
    at SBMH.ssCb [as _cb] (C:\DACS-hospitalweb - Copy\server\node_modules\busboy\lib\types\multipart.js:394:37)
    at feed (C:\DACS-hospitalweb - Copy\server\node_modules\streamsearch\lib\sbmh.js:200:10)
    at SBMH.push (C:\DACS-hospitalweb - Copy\server\node_modules\streamsearch\lib\sbmh.js:104:16)
    at Multipart._write (C:\DACS-hospitalweb - Copy\server\node_modules\busboy\lib\types\multipart.js:567:19)
[2025-04-13T07:46:11.872Z] [ERROR] POST /api/users/avatar Error: Định dạng file không được hỗ trợ. Chỉ chấp nhận ảnh JPEG, JPG, PNG hoặc GIF.
    at fileFilter (C:\DACS-hospitalweb - Copy\server\middlewares\uploadMiddleware.js:56:6)
    at wrappedFileFilter (C:\DACS-hospitalweb - Copy\server\node_modules\multer\index.js:44:7)
    at Multipart.<anonymous> (C:\DACS-hospitalweb - Copy\server\node_modules\multer\lib\make-middleware.js:109:7)
    at Multipart.emit (node:events:518:28)
    at HeaderParser.cb (C:\DACS-hospitalweb - Copy\server\node_modules\busboy\lib\types\multipart.js:358:14)
    at HeaderParser.push (C:\DACS-hospitalweb - Copy\server\node_modules\busboy\lib\types\multipart.js:162:20)
    at SBMH.ssCb [as _cb] (C:\DACS-hospitalweb - Copy\server\node_modules\busboy\lib\types\multipart.js:394:37)
    at feed (C:\DACS-hospitalweb - Copy\server\node_modules\streamsearch\lib\sbmh.js:219:14)
    at SBMH.push (C:\DACS-hospitalweb - Copy\server\node_modules\streamsearch\lib\sbmh.js:104:16)
    at Multipart._write (C:\DACS-hospitalweb - Copy\server\node_modules\busboy\lib\types\multipart.js:567:19)
[2025-04-13T12:48:50.784Z] [ERROR] POST /api/auth/login SyntaxError: Bad control character in string literal in JSON at position 68 (line 3 column 22)
    at JSON.parse (<anonymous>)
    at parse (C:\DACS-hospitalweb - Copy\server\node_modules\body-parser\lib\types\json.js:92:19)
    at C:\DACS-hospitalweb - Copy\server\node_modules\body-parser\lib\read.js:128:18
    at AsyncResource.runInAsyncScope (node:async_hooks:211:14)
    at invokeCallback (C:\DACS-hospitalweb - Copy\server\node_modules\raw-body\index.js:238:16)
    at done (C:\DACS-hospitalweb - Copy\server\node_modules\raw-body\index.js:227:7)
    at IncomingMessage.onEnd (C:\DACS-hospitalweb - Copy\server\node_modules\raw-body\index.js:287:7)
    at IncomingMessage.emit (node:events:518:28)
    at endReadableNT (node:internal/streams/readable:1698:12)
    at process.processTicksAndRejections (node:internal/process/task_queues:90:21)
[2025-04-13T13:51:11.054Z] [ERROR] POST /api/appointments SyntaxError: Expected double-quoted property name in JSON at position 212 (line 10 column 1)
    at JSON.parse (<anonymous>)
    at parse (C:\DACS-hospitalweb - Copy\server\node_modules\body-parser\lib\types\json.js:92:19)
    at C:\DACS-hospitalweb - Copy\server\node_modules\body-parser\lib\read.js:128:18
    at AsyncResource.runInAsyncScope (node:async_hooks:211:14)
    at invokeCallback (C:\DACS-hospitalweb - Copy\server\node_modules\raw-body\index.js:238:16)
    at done (C:\DACS-hospitalweb - Copy\server\node_modules\raw-body\index.js:227:7)
    at IncomingMessage.onEnd (C:\DACS-hospitalweb - Copy\server\node_modules\raw-body\index.js:287:7)
    at IncomingMessage.emit (node:events:518:28)
    at endReadableNT (node:internal/streams/readable:1698:12)
    at process.processTicksAndRejections (node:internal/process/task_queues:90:21)
[2025-04-13T13:51:21.260Z] [ERROR] POST /api/appointments SyntaxError: Expected double-quoted property name in JSON at position 246 (line 10 column 1)
    at JSON.parse (<anonymous>)
    at parse (C:\DACS-hospitalweb - Copy\server\node_modules\body-parser\lib\types\json.js:92:19)
    at C:\DACS-hospitalweb - Copy\server\node_modules\body-parser\lib\read.js:128:18
    at AsyncResource.runInAsyncScope (node:async_hooks:211:14)
    at invokeCallback (C:\DACS-hospitalweb - Copy\server\node_modules\raw-body\index.js:238:16)
    at done (C:\DACS-hospitalweb - Copy\server\node_modules\raw-body\index.js:227:7)
    at IncomingMessage.onEnd (C:\DACS-hospitalweb - Copy\server\node_modules\raw-body\index.js:287:7)
    at IncomingMessage.emit (node:events:518:28)
    at endReadableNT (node:internal/streams/readable:1698:12)
    at process.processTicksAndRejections (node:internal/process/task_queues:90:21)
[2025-04-13T16:10:51.162Z] [ERROR] DELETE /api/appointments/67fbd164ecf5848a3d8fa111 Error: Không tìm thấy lịch hẹn hoặc bạn không có quyền hủy
    at C:\DACS-hospitalweb - Copy\server\controllers\appointmentController.js:331:17
    at process.processTicksAndRejections (node:internal/process/task_queues:105:5)
[2025-04-13T16:12:08.805Z] [ERROR] DELETE /api/appointments/67fbdf54da18f9e68867833a Error: Không tìm thấy lịch hẹn hoặc bạn không có quyền hủy
    at C:\DACS-hospitalweb - Copy\server\controllers\appointmentController.js:331:17
    at process.processTicksAndRejections (node:internal/process/task_queues:105:5)
[2025-04-13T16:12:24.653Z] [ERROR] DELETE /api/appointments/67fbe1ab3e6809c33731ad45 Error: Không tìm thấy lịch hẹn hoặc bạn không có quyền hủy
    at C:\DACS-hospitalweb - Copy\server\controllers\appointmentController.js:331:17
    at process.processTicksAndRejections (node:internal/process/task_queues:105:5)
[2025-04-13T16:14:25.086Z] [ERROR] DELETE /api/appointments/67fbe1ab3e6809c33731ad45 Error: Không thể hủy lịch hẹn trước 24 giờ
    at C:\DACS-hospitalweb - Copy\server\controllers\appointmentController.js:340:17
    at process.processTicksAndRejections (node:internal/process/task_queues:105:5)
[2025-04-13T16:15:53.447Z] [ERROR] DELETE /api/appointments/67fbd164ecf5848a3d8fa111 Error: Không thể hủy lịch hẹn trước 24 giờ
    at C:\DACS-hospitalweb - Copy\server\controllers\appointmentController.js:340:17
    at process.processTicksAndRejections (node:internal/process/task_queues:105:5)
[2025-04-13T16:15:55.631Z] [ERROR] DELETE /api/appointments/67fbd164ecf5848a3d8fa111 Error: Không thể hủy lịch hẹn trước 24 giờ
    at C:\DACS-hospitalweb - Copy\server\controllers\appointmentController.js:340:17
    at process.processTicksAndRejections (node:internal/process/task_queues:105:5)
[2025-04-13T16:21:49.224Z] [ERROR] DELETE /api/appointments/67fbe1ab3e6809c33731ad45 Error: Không thể hủy lịch hẹn trước 24 giờ
    at C:\DACS-hospitalweb - Copy\server\controllers\appointmentController.js:340:17
    at process.processTicksAndRejections (node:internal/process/task_queues:105:5)
[2025-04-13T16:29:51.784Z] [ERROR] DELETE /api/appointments/67fbdf54da18f9e68867833a Error: Không tìm thấy lịch hẹn hoặc bạn không có quyền hủy
    at C:\DACS-hospitalweb - Copy\server\controllers\appointmentController.js:331:17
    at process.processTicksAndRejections (node:internal/process/task_queues:105:5)
[2025-04-13T16:30:21.039Z] [ERROR] DELETE /api/appointments/67fbd164ecf5848a3d8fa111 Error: Không tìm thấy lịch hẹn hoặc bạn không có quyền hủy
    at C:\DACS-hospitalweb - Copy\server\controllers\appointmentController.js:331:17
    at process.processTicksAndRejections (node:internal/process/task_queues:105:5)
[2025-04-13T16:30:23.066Z] [ERROR] DELETE /api/appointments/67fbd164ecf5848a3d8fa111 Error: Không tìm thấy lịch hẹn hoặc bạn không có quyền hủy
    at C:\DACS-hospitalweb - Copy\server\controllers\appointmentController.js:331:17
    at process.processTicksAndRejections (node:internal/process/task_queues:105:5)
[2025-04-13T16:30:24.054Z] [ERROR] DELETE /api/appointments/67fbd164ecf5848a3d8fa111 Error: Không tìm thấy lịch hẹn hoặc bạn không có quyền hủy
    at C:\DACS-hospitalweb - Copy\server\controllers\appointmentController.js:331:17
    at process.processTicksAndRejections (node:internal/process/task_queues:105:5)
[2025-04-13T16:30:25.000Z] [ERROR] DELETE /api/appointments/67fbd164ecf5848a3d8fa111 Error: Không tìm thấy lịch hẹn hoặc bạn không có quyền hủy
    at C:\DACS-hospitalweb - Copy\server\controllers\appointmentController.js:331:17
    at process.processTicksAndRejections (node:internal/process/task_queues:105:5)
[2025-04-13T16:30:25.883Z] [ERROR] DELETE /api/appointments/67fbd164ecf5848a3d8fa111 Error: Không tìm thấy lịch hẹn hoặc bạn không có quyền hủy
    at C:\DACS-hospitalweb - Copy\server\controllers\appointmentController.js:331:17
    at process.processTicksAndRejections (node:internal/process/task_queues:105:5)
[2025-04-13T16:30:26.926Z] [ERROR] DELETE /api/appointments/67fbd164ecf5848a3d8fa111 Error: Không tìm thấy lịch hẹn hoặc bạn không có quyền hủy
    at C:\DACS-hospitalweb - Copy\server\controllers\appointmentController.js:331:17
    at process.processTicksAndRejections (node:internal/process/task_queues:105:5)
[2025-04-13T16:31:30.237Z] [ERROR] DELETE /api/appointments/67fbd164ecf5848a3d8fa111 Error: Không tìm thấy lịch hẹn hoặc bạn không có quyền hủy
    at C:\DACS-hospitalweb - Copy\server\controllers\appointmentController.js:331:17
    at process.processTicksAndRejections (node:internal/process/task_queues:105:5)
[2025-04-13T16:31:31.911Z] [ERROR] DELETE /api/appointments/67fbd164ecf5848a3d8fa111 Error: Không tìm thấy lịch hẹn hoặc bạn không có quyền hủy
    at C:\DACS-hospitalweb - Copy\server\controllers\appointmentController.js:331:17
    at process.processTicksAndRejections (node:internal/process/task_queues:105:5)
