[2025-04-12T19:11:50.378Z] [INFO] POST /api/auth/login 200 - 265ms
[2025-04-12T19:29:03.101Z] [INFO] POST /api/auth/login 200 - 238ms
[2025-04-12T19:39:26.310Z] [INFO] POST /api/auth/login 200 - 218ms
[2025-04-12T19:39:26.665Z] [INFO] POST /api/auth/login 200 - 161ms
[2025-04-12T19:39:32.107Z] [INFO] POST /api/auth/login 200 - 218ms
[2025-04-12T19:39:32.436Z] [INFO] POST /api/auth/login 200 - 151ms
[2025-04-12T19:40:44.699Z] [INFO] GET /api/user/profile 404 - 3ms
[2025-04-12T19:41:33.595Z] [INFO] GET /api/user/profile 404 - 1ms
[2025-04-12T19:41:41.329Z] [INFO] GET /api/user/profile 404 - 1ms
[2025-04-12T19:43:37.917Z] [INFO] GET /api/user/profile 404 - 1ms
[2025-04-12T19:44:01.545Z] [INFO] GET /api/user/profile 404 - 1ms
[2025-04-12T19:46:00.365Z] [INFO] POST /api/auth/login 200 - 199ms
[2025-04-12T19:46:38.083Z] [INFO] POST /api/auth/login 200 - 198ms
[2025-04-12T19:46:47.321Z] [INFO] GET /api/user/profile 404 - 1ms
[2025-04-12T19:47:07.550Z] [INFO] GET /api/user/profile 404 - 0ms
[2025-04-13T07:04:02.009Z] [INFO] POST /api/auth/login 200 - 248ms
[2025-04-13T07:07:20.205Z] [INFO] GET /api/user/profile 404 - 2ms
[2025-04-13T07:12:28.437Z] [INFO] GET /api/users/profile 200 - 159ms
[2025-04-13T07:14:53.919Z] [INFO] PUT /api/users/profile 500 - 163ms
[2025-04-13T07:15:50.067Z] [INFO] PUT /api/users/profile 200 - 206ms
[2025-04-13T07:23:57.039Z] [INFO] POST /api/auth/register 201 - 3391ms
[2025-04-13T07:25:18.102Z] [INFO] GET /api/auth/verify-email/:9cbed927bda63123e347c4ba030477649b64e9d3d28dc334545db79bcdbe059d 404 - 1ms
[2025-04-13T07:26:31.545Z] [INFO] POST /api/auth/forgot-password 200 - 2099ms
[2025-04-13T07:28:02.701Z] [INFO] POST /api/auth/verify-otp 200 - 76ms
[2025-04-13T07:28:52.025Z] [INFO] POST /api/auth/reset-password 400 - 36ms
[2025-04-13T07:29:15.873Z] [INFO] POST /api/auth/reset-password 400 - 118ms
[2025-04-13T07:29:26.458Z] [INFO] POST /api/auth/reset-password 200 - 271ms
[2025-04-13T07:30:07.337Z] [INFO] GET /api/users/profile 200 - 72ms
[2025-04-13T07:31:40.889Z] [INFO] PUT /api/users/change-password?Authorization=Bearer%20eyJhbGciOiJIUzI1NiIsInR5cCI6IkpXVCJ9.eyJpZCI6IjY3ZjM5OGI4Y2NiYzIwNmMyNjc2YmMxNCIsInJvbGUiOiJ1c2VyIiwiaWF0IjoxNzQ0NTI3ODQyLCJleHAiOjE3NDcxMTk4NDJ9.ut-FiMWvKvUUsWMRftRdcENNmql6yR8Dak8UIKB_Cpk 404 - 1ms
[2025-04-13T07:32:03.213Z] [INFO] PUT /api/users/change-password 404 - 0ms
[2025-04-13T07:32:10.691Z] [INFO] PUT /api/user/change-password 404 - 0ms
[2025-04-13T07:32:31.322Z] [INFO] PUT /api/users/change-password 404 - 1ms
[2025-04-13T07:34:51.092Z] [INFO] PUT /api/user/change-password 404 - 2ms
[2025-04-13T07:34:56.319Z] [INFO] PUT /api/auth/change-password 200 - 342ms
[2025-04-13T07:35:26.268Z] [INFO] POST /api/auth/login 401 - 101ms
[2025-04-13T07:35:32.679Z] [INFO] POST /api/auth/login 401 - 103ms
[2025-04-13T07:35:37.963Z] [INFO] POST /api/auth/login 200 - 141ms
[2025-04-13T07:37:52.511Z] [INFO] GET /api/users/avatar 400 - 38ms
[2025-04-13T07:38:03.140Z] [INFO] POST /api/auth/login 200 - 185ms
[2025-04-13T07:38:30.653Z] [INFO] GET /api/users/avatar 401 - 0ms
[2025-04-13T07:40:32.303Z] [INFO] POST /api/user/avatar 404 - 1ms
[2025-04-13T07:40:45.841Z] [INFO] POST /api/users/avatar 401 - 1ms
[2025-04-13T07:41:00.927Z] [INFO] POST /api/auth/login 200 - 160ms
[2025-04-13T07:41:39.295Z] [INFO] POST /api/users/avatar 500 - 62ms
[2025-04-13T07:44:15.973Z] [INFO] POST /api/users/avatar 500 - 56ms
[2025-04-13T07:45:09.485Z] [INFO] POST /api/users/avatar 500 - 51ms
[2025-04-13T07:46:11.888Z] [INFO] POST /api/users/avatar 500 - 58ms
[2025-04-13T07:49:44.671Z] [INFO] POST /api/users/avatar 200 - 114ms
[2025-04-13T12:47:01.318Z] [INFO] POST /api/appointments 401 - 8ms
[2025-04-13T12:48:10.063Z] [INFO] POST /api/auth/login 401 - 36ms
[2025-04-13T12:48:45.417Z] [INFO] POST /api/auth/login 401 - 124ms
[2025-04-13T12:48:53.997Z] [INFO] POST /api/auth/login 200 - 162ms
[2025-04-13T12:49:24.415Z] [INFO] POST /api/appointments 401 - 1ms
[2025-04-13T12:49:31.556Z] [INFO] POST /api/appointments 401 - 0ms
[2025-04-13T12:51:28.038Z] [INFO] POST /api/users/avatar 401 - 1ms
[2025-04-13T12:51:47.479Z] [INFO] POST /api/users/avatar 401 - 1ms
[2025-04-13T12:52:07.271Z] [INFO] POST /api/users/avatar 400 - 40ms
[2025-04-13T12:52:15.154Z] [INFO] POST /api/users/avatar 400 - 36ms
[2025-04-13T12:52:27.811Z] [INFO] POST /api/users/avatar 200 - 97ms
[2025-04-13T12:52:40.591Z] [INFO] POST /api/auth/login 200 - 157ms
[2025-04-13T12:57:12.127Z] [INFO] POST /api/auth/login 200 - 137ms
[2025-04-13T12:57:48.940Z] [INFO] GET /api/users/profile 401 - 37ms
[2025-04-13T12:58:03.740Z] [INFO] POST /api/auth/login 200 - 140ms
[2025-04-13T12:58:14.998Z] [INFO] GET /api/users/profile 401 - 38ms
[2025-04-13T12:58:56.476Z] [INFO] GET /api/users/profile 401 - 36ms
[2025-04-13T13:03:58.908Z] [INFO] POST /api/auth/login 200 - 141ms
[2025-04-13T13:03:59.055Z] [INFO] POST /api/auth/login 401 - 105ms
[2025-04-13T13:08:26.304Z] [INFO] POST /api/auth/login 200 - 146ms
[2025-04-13T13:08:26.455Z] [INFO] POST /api/auth/login 401 - 105ms
[2025-04-13T13:08:40.801Z] [INFO] POST /api/auth/login 200 - 144ms
[2025-04-13T13:08:40.965Z] [INFO] POST /api/auth/login 401 - 107ms
[2025-04-13T13:09:06.411Z] [INFO] POST /api/auth/login 200 - 140ms
[2025-04-13T13:09:06.568Z] [INFO] POST /api/auth/login 401 - 101ms
[2025-04-13T13:09:45.331Z] [INFO] POST /api/auth/login 200 - 141ms
[2025-04-13T13:09:45.478Z] [INFO] POST /api/auth/login 401 - 107ms
[2025-04-13T13:10:05.674Z] [INFO] POST /api/auth/login 200 - 152ms
[2025-04-13T13:10:24.136Z] [INFO] GET /api/users/profile 200 - 71ms
[2025-04-13T13:11:22.824Z] [INFO] PUT /api/users/profile 200 - 124ms
[2025-04-13T13:13:17.246Z] [INFO] POST /api/appointments 401 - 0ms
[2025-04-13T13:26:23.216Z] [INFO] PUT /api/schedules?doctorId=ID_doctor&date=2023-08-15&endDate=2023-08-17 404 - 2ms
[2025-04-13T13:29:13.401Z] [INFO] POST /api/auth/login 200 - 143ms
[2025-04-13T13:29:30.082Z] [INFO] POST /api/appointments 401 - 1ms
[2025-04-13T13:34:15.081Z] [INFO] POST /api/auth/login 200 - 157ms
[2025-04-13T13:36:23.832Z] [INFO] POST /api/appointments 401 - 1ms
[2025-04-13T13:36:41.680Z] [INFO] POST /api/auth/login 200 - 155ms
[2025-04-13T13:37:15.133Z] [INFO] POST /api/appointments 401 - 1ms
[2025-04-13T13:37:34.905Z] [INFO] POST /api/appointments 401 - 1ms
[2025-04-13T13:41:41.060Z] [INFO] POST /api/auth/login 200 - 144ms
[2025-04-13T13:41:45.522Z] [INFO] POST /api/appointments 401 - 1ms
[2025-04-13T13:41:47.729Z] [INFO] POST /api/appointments 401 - 1ms
[2025-04-13T13:42:00.660Z] [INFO] GET /api/users/profile 200 - 67ms
[2025-04-13T13:42:07.233Z] [INFO] GET /api/users/avatar 400 - 34ms
[2025-04-13T13:43:40.336Z] [INFO] POST /api/appointments 401 - 0ms
[2025-04-13T13:43:46.148Z] [INFO] POST /api/appointment 404 - 2ms
[2025-04-13T13:43:49.257Z] [INFO] POST /api/appointments 401 - 1ms
[2025-04-13T13:51:01.104Z] [INFO] POST /api/appointments 401 - 4ms
[2025-04-13T13:51:44.475Z] [INFO] POST /api/appointments 401 - 1ms
[2025-04-13T13:52:31.877Z] [INFO] POST /api/auth/login 401 - 2272ms
[2025-04-13T13:53:19.020Z] [INFO] POST /api/auth/login 401 - 123ms
[2025-04-13T13:53:43.715Z] [INFO] POST /api/auth/login 401 - 121ms
[2025-04-13T13:54:29.418Z] [INFO] POST /api/auth/login 401 - 3038ms
[2025-04-13T14:00:43.584Z] [INFO] POST /api/auth/login 401 - 56ms
[2025-04-13T14:00:49.837Z] [INFO] POST /api/auth/login 401 - 130ms
[2025-04-13T14:00:55.084Z] [INFO] POST /api/auth/login 200 - 157ms
[2025-04-13T14:01:01.944Z] [INFO] POST /api/appointments 401 - 1ms
[2025-04-13T14:05:28.749Z] [INFO] POST /api/auth/login 200 - 185ms
[2025-04-13T14:05:32.284Z] [INFO] POST /api/auth/login 200 - 160ms
[2025-04-13T14:05:59.579Z] [INFO] POST /api/appointments 401 - 1ms
[2025-04-13T14:06:07.198Z] [INFO] POST /api/appointments 401 - 2ms
[2025-04-13T14:06:35.961Z] [INFO] POST /api/auth/login 401 - 35ms
[2025-04-13T14:07:08.447Z] [INFO] POST /api/auth/login 401 - 2395ms
[2025-04-13T14:07:33.328Z] [INFO] POST /api/auth/login 401 - 105ms
[2025-04-13T14:08:44.182Z] [INFO] POST /api/auth/login 401 - 107ms
[2025-04-13T14:09:21.939Z] [INFO] POST /api/auth/login 401 - 112ms
[2025-04-13T14:10:03.025Z] [INFO] POST /api/auth/login 401 - 104ms
[2025-04-13T14:10:04.222Z] [INFO] POST /api/auth/login 401 - 113ms
[2025-04-13T14:10:05.211Z] [INFO] POST /api/auth/login 401 - 133ms
[2025-04-13T14:10:06.247Z] [INFO] POST /api/auth/login 401 - 120ms
[2025-04-13T14:15:15.782Z] [INFO] POST /api/auth/login 401 - 126ms
[2025-04-13T14:15:17.178Z] [INFO] POST /api/auth/login 401 - 100ms
[2025-04-13T14:15:19.773Z] [INFO] POST /api/auth/login 401 - 117ms
[2025-04-13T14:22:49.216Z] [INFO] POST /api/auth/login 401 - 3230ms
[2025-04-13T14:30:24.921Z] [INFO] POST /api/auth/login 200 - 175ms
[2025-04-13T14:30:42.646Z] [INFO] POST /api/appointments 401 - 2ms
[2025-04-13T14:30:50.033Z] [INFO] POST /api/appointments 401 - 1ms
[2025-04-13T14:31:56.397Z] [INFO] POST /api/auth/login 401 - 2463ms
[2025-04-13T14:32:15.122Z] [INFO] POST /api/auth/login 200 - 148ms
[2025-04-13T14:32:19.291Z] [INFO] POST /api/appointments 401 - 0ms
[2025-04-13T14:33:13.104Z] [INFO] POST /api/auth/login 401 - 2138ms
[2025-04-13T14:33:34.900Z] [INFO] POST /api/auth/login 200 - 160ms
[2025-04-13T14:45:50.720Z] [INFO] POST /api/auth/login 200 - 213ms
[2025-04-13T14:45:57.116Z] [INFO] POST /api/appointments 401 - 1ms
[2025-04-13T14:52:26.978Z] [INFO] POST /api/appointments 401 - 2ms
[2025-04-13T14:54:31.590Z] [INFO] POST /api/auth/login 200 - 758ms
[2025-04-13T14:54:46.344Z] [INFO] POST /api/appointments 401 - 2ms
[2025-04-13T14:55:45.809Z] [INFO] POST /api/appointments 401 - 1ms
[2025-04-13T14:55:47.562Z] [INFO] POST /api/appointments 401 - 1ms
[2025-04-13T14:59:48.293Z] [INFO] POST /api/appointments 201 - 718ms
[2025-04-13T15:05:51.982Z] [INFO] GET /api/appointments/ID_appointment 400 - 56ms
[2025-04-13T15:06:04.646Z] [INFO] GET /api/appointments 200 - 194ms
[2025-04-13T15:06:41.055Z] [INFO] GET /api/appointments/APT-NVUQXVCS 400 - 38ms
[2025-04-13T15:06:53.725Z] [INFO] GET /api/appointments/67fbd164ecf5848a3d8fa111 200 - 158ms
[2025-04-13T15:09:53.393Z] [INFO] POST /api/auth/login 200 - 435ms
[2025-04-13T15:09:56.770Z] [INFO] GET /api/appointments/67fbd164ecf5848a3d8fa111 401 - 47ms
[2025-04-13T15:10:06.912Z] [INFO] GET /api/appointments 401 - 491ms
[2025-04-13T15:10:10.661Z] [INFO] GET /api/appointments 401 - 44ms
[2025-04-13T15:10:11.958Z] [INFO] GET /api/appointments 401 - 103ms
[2025-04-13T15:10:24.136Z] [INFO] POST /api/appointments 401 - 42ms
[2025-04-13T15:10:50.932Z] [INFO] POST /api/auth/login 200 - 295ms
[2025-04-13T15:10:54.237Z] [INFO] GET /api/appointments 200 - 207ms
[2025-04-13T15:11:43.682Z] [INFO] POST /api/auth/register 201 - 3907ms
[2025-04-13T15:15:57.245Z] [INFO] GET /api/auth/verify-email 404 - 2ms
[2025-04-13T15:16:37.300Z] [INFO] GET /api/api/auth/verify-email 404 - 1ms
[2025-04-13T15:16:38.898Z] [INFO] GET /api/api/auth/verify-email 404 - 1ms
[2025-04-13T15:18:17.796Z] [INFO] POST /api/api/auth/verify-email 404 - 1ms
[2025-04-13T15:18:27.695Z] [INFO] POST /api/auth/verify-email 400 - 43ms
[2025-04-13T15:18:57.541Z] [INFO] POST /api/auth/register 400 - 38ms
[2025-04-13T15:19:20.397Z] [INFO] POST /api/auth/login 401 - 3304ms
[2025-04-13T15:20:29.885Z] [INFO] POST /api/auth/verify-email 200 - 127ms
[2025-04-13T15:20:46.830Z] [INFO] POST /api/auth/login 200 - 180ms
[2025-04-13T15:20:50.461Z] [INFO] GET /api/appointments 200 - 113ms
[2025-04-13T15:20:53.707Z] [INFO] GET /api/appointments 200 - 122ms
[2025-04-13T15:21:18.649Z] [INFO] POST /api/auth/login 200 - 158ms
[2025-04-13T15:21:23.234Z] [INFO] GET /api/appointments 200 - 216ms
[2025-04-13T15:25:34.106Z] [INFO] POST /api/auth/login 200 - 158ms
[2025-04-13T15:25:41.097Z] [INFO] POST /api/appointments 400 - 215ms
[2025-04-13T15:26:18.385Z] [INFO] POST /api/auth/login 200 - 166ms
[2025-04-13T15:26:49.795Z] [INFO] PUT /api/appointments/ID_appointment/reschedule 400 - 47ms
[2025-04-13T15:27:02.391Z] [INFO] GET /api/appointments 200 - 772ms
[2025-04-13T15:27:25.572Z] [INFO] PUT /api/appointments/ID_appointment/reschedule 400 - 42ms
[2025-04-13T15:27:54.762Z] [INFO] PUT /api/appointments/ID_appointment/reschedule 400 - 339ms
[2025-04-13T15:27:59.680Z] [INFO] PUT /api/appointments/ID_appointment/reschedule 400 - 41ms
[2025-04-13T15:30:00.068Z] [INFO] PUT /api/appointments 404 - 49ms
[2025-04-13T15:31:17.375Z] [INFO] PUT /api/appointments/ID_appointment/reschedule?ID_appointment=67fbd164ecf5848a3d8fa111 400 - 44ms
[2025-04-13T15:33:26.438Z] [INFO] PUT /api/appointments/67fbd164ecf5848a3d8fa111/reschedule 404 - 183ms
[2025-04-13T15:33:54.749Z] [INFO] PUT /api/appointments/67fbd164ecf5848a3d8fa111/reschedule 200 - 391ms
[2025-04-13T15:34:51.518Z] [INFO] PUT /api/appointments/67fbd164ecf5848a3d8fa111/reschedule 400 - 45ms
[2025-04-13T15:35:10.724Z] [INFO] PUT /api/appointments/67fbd164ecf5848a3d8fa111/reschedule 404 - 190ms
[2025-04-13T15:35:38.892Z] [INFO] PUT /api/appointments/67fbd164ecf5848a3d8fa111/reschedule 404 - 197ms
[2025-04-13T15:35:43.846Z] [INFO] PUT /api/appointments/67fbd164ecf5848a3d8fa111/reschedule 404 - 189ms
[2025-04-13T15:35:48.921Z] [INFO] PUT /api/appointments/67fbd164ecf5848a3d8fa111/reschedule 404 - 202ms
[2025-04-13T15:37:43.588Z] [INFO] PUT /api/appointments/67fbd164ecf5848a3d8fa111/reschedule 404 - 203ms
[2025-04-13T15:38:02.651Z] [INFO] PUT /api/appointments/67fbd164ecf5848a3d8fa111/reschedule 500 - 248ms
[2025-04-13T15:39:29.688Z] [INFO] PUT /api/appointments/67fbd164ecf5848a3d8fa111/reschedule 200 - 668ms
[2025-04-13T15:45:21.534Z] [INFO] PUT /api/appointments/67fbd164ecf5848a3d8fa111/reschedule 400 - 207ms
[2025-04-13T15:46:22.143Z] [INFO] PUT /api/appointments/67fbd164ecf5848a3d8fa111/reschedule 400 - 202ms
[2025-04-13T15:47:05.427Z] [INFO] PUT /api/appointments/67fbd164ecf5848a3d8fa111/reschedule 400 - 220ms
[2025-04-13T15:53:18.510Z] [INFO] PUT /api/appointments/67fbd164ecf5848a3d8fa111/reschedule 400 - 219ms
[2025-04-13T15:53:30.306Z] [INFO] PUT /api/appointments/67fbd164ecf5848a3d8fa111/reschedule 400 - 248ms
[2025-04-13T15:53:38.153Z] [INFO] PUT /api/appointments/67fbd164ecf5848a3d8fa111/reschedule 400 - 217ms
[2025-04-13T15:55:22.911Z] [INFO] PUT /api/appointments/67fbd164ecf5848a3d8fa111/reschedule 400 - 215ms
[2025-04-13T15:58:30.109Z] [INFO] PUT /api/appointments/67fbd164ecf5848a3d8fa111/reschedule 400 - 208ms
[2025-04-13T15:58:54.066Z] [INFO] PUT /api/appointments/67fbd164ecf5848a3d8fa111/reschedule 400 - 227ms
[2025-04-13T15:59:01.399Z] [INFO] PUT /api/appointments/67fbd164ecf5848a3d8fa111/reschedule 200 - 426ms
[2025-04-13T15:59:17.056Z] [INFO] POST /api/appointments 201 - 407ms
[2025-04-13T16:09:18.584Z] [INFO] POST /api/appointments 201 - 3810ms
[2025-04-13T16:10:51.168Z] [INFO] DELETE /api/appointments/67fbd164ecf5848a3d8fa111 404 - 123ms
[2025-04-13T16:11:18.110Z] [INFO] POST /api/auth/login 200 - 465ms
[2025-04-13T16:11:28.026Z] [INFO] POST /api/auth/login 200 - 458ms
[2025-04-13T16:12:08.808Z] [INFO] DELETE /api/appointments/67fbdf54da18f9e68867833a 404 - 79ms
[2025-04-13T16:12:24.658Z] [INFO] DELETE /api/appointments/67fbe1ab3e6809c33731ad45 404 - 80ms
[2025-04-13T16:14:25.093Z] [INFO] DELETE /api/appointments/67fbe1ab3e6809c33731ad45 400 - 102ms
[2025-04-13T16:15:53.454Z] [INFO] DELETE /api/appointments/67fbd164ecf5848a3d8fa111 400 - 89ms
[2025-04-13T16:15:55.636Z] [INFO] DELETE /api/appointments/67fbd164ecf5848a3d8fa111 400 - 80ms
[2025-04-13T16:21:49.228Z] [INFO] DELETE /api/appointments/67fbe1ab3e6809c33731ad45 400 - 84ms
[2025-04-13T16:26:39.071Z] [INFO] DELETE /api/appointments/67fbe1ab3e6809c33731ad45 200 - 192ms
[2025-04-13T16:29:27.976Z] [INFO] DELETE /api/appointments/67fbdf54da18f9e68867833a 200 - 168ms
[2025-04-13T16:29:47.551Z] [INFO] POST /api/auth/login 200 - 166ms
[2025-04-13T16:29:51.787Z] [INFO] DELETE /api/appointments/67fbdf54da18f9e68867833a 404 - 76ms
[2025-04-13T16:30:21.042Z] [INFO] DELETE /api/appointments/67fbd164ecf5848a3d8fa111 404 - 78ms
[2025-04-13T16:30:23.069Z] [INFO] DELETE /api/appointments/67fbd164ecf5848a3d8fa111 404 - 78ms
[2025-04-13T16:30:24.058Z] [INFO] DELETE /api/appointments/67fbd164ecf5848a3d8fa111 404 - 76ms
[2025-04-13T16:30:25.005Z] [INFO] DELETE /api/appointments/67fbd164ecf5848a3d8fa111 404 - 76ms
[2025-04-13T16:30:25.886Z] [INFO] DELETE /api/appointments/67fbd164ecf5848a3d8fa111 404 - 74ms
[2025-04-13T16:30:26.930Z] [INFO] DELETE /api/appointments/67fbd164ecf5848a3d8fa111 404 - 78ms
[2025-04-13T16:31:24.520Z] [INFO] POST /api/auth/login 200 - 164ms
[2025-04-13T16:31:30.242Z] [INFO] DELETE /api/appointments/67fbd164ecf5848a3d8fa111 404 - 82ms
[2025-04-13T16:31:31.915Z] [INFO] DELETE /api/appointments/67fbd164ecf5848a3d8fa111 404 - 76ms
[2025-04-13T16:32:15.717Z] [INFO] POST /api/auth/login 200 - 157ms
[2025-04-13T16:32:22.450Z] [INFO] GET /api/appointments 401 - 54ms
[2025-04-13T16:32:28.030Z] [INFO] GET /api/appointments 401 - 36ms
[2025-04-13T16:32:45.820Z] [INFO] POST /api/auth/login 200 - 165ms
[2025-04-13T16:32:49.598Z] [INFO] GET /api/appointments 401 - 40ms
[2025-04-13T16:32:51.722Z] [INFO] GET /api/appointments 401 - 39ms
[2025-04-13T16:34:16.208Z] [INFO] PUT /api/schedules?doctorId=67fbca2ab09422fa64088645&date=2023-08-15&endDate=2023-08-17 404 - 0ms
[2025-04-13T16:34:17.612Z] [INFO] PUT /api/schedules?doctorId=67fbca2ab09422fa64088645&date=2023-08-15&endDate=2023-08-17 404 - 1ms
[2025-04-13T16:38:35.427Z] [INFO] PUT /api/schedules?doctorId=67fbca2ab09422fa64088645&date=2025-08-15&hospitalId 404 - 0ms
[2025-04-13T16:38:46.016Z] [INFO] PUT /api/schedules?doctorId=67fbca2ab09422fa64088645&date=2025-08-15 404 - 1ms
[2025-04-13T16:39:05.957Z] [INFO] PUT /api/schedules?doctorId=67fbca2ab09422fa64088645&date=2025-04-15 404 - 0ms
[2025-04-13T16:39:07.212Z] [INFO] PUT /api/schedules?doctorId=67fbca2ab09422fa64088645&date=2025-04-15 404 - 0ms
[2025-04-13T16:40:00.459Z] [INFO] PUT /api/schedules?doctorId=67fbca2ab09422fa64088645&date=2025-04-13&hospitalId=67fbca29b09422fa6408863a 404 - 1ms
[2025-04-13T16:40:29.155Z] [INFO] GET /api/schedules?doctorId=67fbca2ab09422fa64088645&date=2025-04-13&hospitalId=67fbca29b09422fa6408863a 404 - 0ms
[2025-04-13T16:40:30.545Z] [INFO] GET /api/schedules?doctorId=67fbca2ab09422fa64088645&date=2025-04-13&hospitalId=67fbca29b09422fa6408863a 404 - 1ms
[2025-04-13T16:40:50.372Z] [INFO] GET /api/schedules?doctorId=67fbca2ab09422fa64088645&date=2025-04-13&hospitalId=67fbca29b09422fa6408863a 404 - 2ms
[2025-04-13T16:41:28.365Z] [INFO] GET /api/schedules 404 - 0ms
[2025-04-13T16:42:02.003Z] [INFO] GET /api/schedules/67fbca2ab09422fa64088645/ 404 - 2ms
[2025-04-13T16:42:04.831Z] [INFO] GET /api/schedules/67fbca2ab09422fa64088645/67fbca29b09422fa6408863a 404 - 1ms
[2025-04-13T16:43:30.042Z] [INFO] GET /api/schedules?doctorId=67fbca29b09422fa6408863f&date=2025-04-13&hospitalId=67fbca29b09422fa6408863a 404 - 0ms
[2025-04-13T16:45:17.252Z] [INFO] GET /api/schedules?doctorId=67fbca29b09422fa6408863f&date=2025-04-13&hospitalId=67fbca29b09422fa6408863a 404 - 0ms
[2025-04-13T16:55:27.826Z] [INFO] GET //schedules?doctorId=67fbca2ab09422fa64088645&date=2025-04-13&hospitalId 404 - 1ms
[2025-04-13T16:55:34.984Z] [INFO] GET /schedules?doctorId=67fbca2ab09422fa64088645&date=2025-04-13&hospitalId 404 - 1ms
[2025-04-13T16:55:50.507Z] [INFO] GET /schedules?doctorId=67fbca2ab09422fa64088645&date=2025-04-13&hospitalId=67fbca29b09422fa6408863a 404 - 0ms
[2025-04-13T16:56:39.539Z] [INFO] PUT /api%7D/doctors?specialty=Nhi%20khoa 404 - 0ms
[2025-04-13T16:56:48.639Z] [INFO] PUT /api/doctors?specialty=Nhi%20khoa 401 - 34ms
[2025-04-13T16:57:46.339Z] [INFO] PUT /api/doctors?specialty=67fbca29b09422fa6408862d 401 - 33ms
[2025-04-13T16:58:23.001Z] [INFO] PUT /api/doctors?specialty=67fbca29b09422fa6408862c 401 - 34ms
[2025-04-13T17:01:16.667Z] [INFO] GET /apischedules?doctorId=67fbca2ab09422fa64088645&date=2025-04-13&hospitalId=67fbca29b09422fa6408863 404 - 5ms
[2025-04-13T17:01:32.247Z] [INFO] GET /api/schedules?doctorId=67fbca2ab09422fa64088645&date=2025-04-13&hospitalId=67fbca29b09422fa6408863 404 - 1ms
[2025-04-13T17:03:11.278Z] [INFO] GET /api/schedules?doctorId=67fbca2ab09422fa64088645&date=2025-04-13 404 - 1ms
[2025-04-13T17:04:17.522Z] [INFO] GET /api/schedules?doctorId=67fbca2ab09422fa64088646&date=2025-04-16 404 - 1ms
[2025-04-13T17:13:43.384Z] [INFO] GET /api/schedules?doctorId=67fbca2ab09422fa64088645&date=2025-04-16 404 - 4ms
[2025-04-13T17:17:30.525Z] [INFO] GET /api/schedules?doctorId=67fbca2ab09422fa64088645&date=2025-04-16 404 - 3ms
[2025-04-13T17:20:57.256Z] [INFO] GET /api/specialties?doctorId=67fbca2ab09422fa64088645&date=2025-04-16 200 - 5ms
[2025-04-13T17:21:07.217Z] [INFO] GET /api/doctor?doctorId=67fbca2ab09422fa64088645&date=2025-04-16 404 - 2ms
[2025-04-13T17:22:01.782Z] [INFO] GET /api/schedules?doctorId=67fbca2ab09422fa64088645&date=2025-04-16 404 - 1ms
[2025-04-13T17:23:47.898Z] [INFO] GET /api/schedule?doctorId=67fbca2ab09422fa64088645&date=2025-04-16 404 - 1ms
[2025-04-13T17:24:04.191Z] [INFO] GET /api/schedules?doctorId=67fbca2ab09422fa64088645&date=2025-04-16 404 - 0ms
[2025-04-13T17:24:11.106Z] [INFO] GET /api/schedule?doctorId=67fbca2ab09422fa64088645&date=2025-04-16 404 - 1ms
[2025-04-13T17:24:16.704Z] [INFO] GET /api/schedules?doctorId=67fbca2ab09422fa64088645&date=2025-04-16 404 - 1ms
[2025-04-13T17:25:43.716Z] [INFO] GET /api/schedules?doctorId=67fbca2ab09422fa64088645&date=2025-04-16 404 - 6ms
[2025-04-13T17:26:21.073Z] [INFO] GET /api/schedules?doctorId=67fbca2ab09422fa64088645&date=2025-04-16 404 - 5ms
[2025-04-13T17:26:22.424Z] [INFO] GET /api/schedules?doctorId=67fbca2ab09422fa64088645&date=2025-04-16 404 - 1ms
[2025-04-13T17:26:50.808Z] [INFO] GET /api/doctors?specialty=67fbca29b09422fa6408862c 200 - 113ms
[2025-04-13T17:27:59.558Z] [INFO] GET /api/doctors?specialty=67fbca29b09422fa6408862f 200 - 63ms
[2025-04-13T17:30:04.751Z] [INFO] GET /api/schedules?doctorId=67fbca2ab09422fa64088645&date=2025-04-16 404 - 3ms
[2025-04-13T17:34:37.726Z] [INFO] GET /api/schedules?doctorId=67fbca2ab09422fa64088645&date=2025-04-16 200 - 110ms
